INFO 2020-07-17 09:21:01,876 - HTTP/2 support not enabled (install the http2 and tls Twisted extras)
INFO 2020-07-17 09:21:01,876 - Configuring endpoint tcp:port=8000:interface=127.0.0.1
INFO 2020-07-17 09:21:01,877 - Listening on TCP address 127.0.0.1:8000
WARNING 2020-07-17 09:21:04,252 - Not Found: /en/dashboard/business/3/freelancers
WARNING 2020-07-17 09:21:04,255 - [33mHTTP GET /en/dashboard/business/3/freelancers 404 [0.03, 127.0.0.1:54755][0m
WARNING 2020-07-17 09:21:05,550 - Not Found: /favicon.ico
WARNING 2020-07-17 09:21:05,553 - [33mHTTP GET /favicon.ico 404 [0.01, 127.0.0.1:54755][0m
INFO 2020-07-17 09:21:12,151 - [mHTTP GET /dashboard/business/3/freelancers 200 [0.14, 127.0.0.1:54755][0m
INFO 2020-07-17 09:21:12,323 - [36mHTTP GET /static/assets/stylesheets/loader.css 304 [0.01, 127.0.0.1:54755][0m
INFO 2020-07-17 09:21:12,677 - WebSocket HANDSHAKING /ws/orders/ [127.0.0.1:54795]
INFO 2020-07-17 09:21:12,771 - WebSocket CONNECT /ws/orders/ [127.0.0.1:54795]
INFO 2020-07-17 09:21:12,864 - [mHTTP GET /orders/business-alerts-list 200 [0.02, 127.0.0.1:54755][0m
INFO 2020-07-17 09:21:12,930 - [mHTTP GET /orders/business-messages-list 200 [0.05, 127.0.0.1:54755][0m
INFO 2020-07-17 09:21:14,364 - [mHTTP GET /dashboard/business/3/freelancers 200 [0.07, 127.0.0.1:54755][0m
INFO 2020-07-17 09:21:14,383 - WebSocket DISCONNECT /ws/orders/ [127.0.0.1:54795]
INFO 2020-07-17 09:21:14,759 - WebSocket HANDSHAKING /ws/orders/ [127.0.0.1:54818]
INFO 2020-07-17 09:21:14,819 - WebSocket CONNECT /ws/orders/ [127.0.0.1:54818]
INFO 2020-07-17 09:21:14,974 - [mHTTP GET /orders/business-alerts-list 200 [0.02, 127.0.0.1:54755][0m
INFO 2020-07-17 09:21:15,033 - [mHTTP GET /orders/business-messages-list 200 [0.05, 127.0.0.1:54755][0m
INFO 2020-07-17 09:21:15,395 - [mHTTP GET /static/assets/images/dndsos-logo-white.png 200 [0.01, 127.0.0.1:54755][0m
INFO 2020-07-17 09:26:24,061 - [mHTTP GET /dashboard/business/3/freelancers 200 [0.10, 127.0.0.1:56091][0m
INFO 2020-07-17 09:26:24,093 - WebSocket DISCONNECT /ws/orders/ [127.0.0.1:54818]
INFO 2020-07-17 09:26:24,440 - WebSocket HANDSHAKING /ws/orders/ [127.0.0.1:56102]
INFO 2020-07-17 09:26:24,501 - WebSocket CONNECT /ws/orders/ [127.0.0.1:56102]
INFO 2020-07-17 09:26:24,686 - [mHTTP GET /orders/business-alerts-list 200 [0.03, 127.0.0.1:56091][0m
INFO 2020-07-17 09:26:24,752 - [mHTTP GET /orders/business-messages-list 200 [0.05, 127.0.0.1:56091][0m
INFO 2020-07-17 09:26:25,513 - [mHTTP GET /static/assets/images/dndsos-logo-white.png 200 [0.01, 127.0.0.1:56091][0m
INFO 2020-07-17 09:26:58,317 - [mHTTP GET /dashboard/business/3/freelancers 200 [0.09, 127.0.0.1:56091][0m
INFO 2020-07-17 09:26:58,338 - WebSocket DISCONNECT /ws/orders/ [127.0.0.1:56102]
INFO 2020-07-17 09:26:58,672 - WebSocket HANDSHAKING /ws/orders/ [127.0.0.1:56254]
INFO 2020-07-17 09:26:58,728 - WebSocket CONNECT /ws/orders/ [127.0.0.1:56254]
INFO 2020-07-17 09:26:58,903 - [mHTTP GET /orders/business-alerts-list 200 [0.02, 127.0.0.1:56091][0m
INFO 2020-07-17 09:26:58,966 - [mHTTP GET /orders/business-messages-list 200 [0.05, 127.0.0.1:56091][0m
INFO 2020-07-17 09:26:59,839 - [mHTTP GET /static/assets/images/dndsos-logo-white.png 200 [0.01, 127.0.0.1:56091][0m
INFO 2020-07-17 09:27:33,193 - [mHTTP GET /dashboard/business/3/freelancers 200 [0.08, 127.0.0.1:56091][0m
INFO 2020-07-17 09:27:33,212 - WebSocket DISCONNECT /ws/orders/ [127.0.0.1:56254]
INFO 2020-07-17 09:27:33,608 - WebSocket HANDSHAKING /ws/orders/ [127.0.0.1:56409]
INFO 2020-07-17 09:27:33,664 - WebSocket CONNECT /ws/orders/ [127.0.0.1:56409]
INFO 2020-07-17 09:27:33,847 - [mHTTP GET /orders/business-alerts-list 200 [0.03, 127.0.0.1:56091][0m
INFO 2020-07-17 09:27:33,923 - [mHTTP GET /orders/business-messages-list 200 [0.06, 127.0.0.1:56091][0m
INFO 2020-07-17 09:27:34,784 - [mHTTP GET /static/assets/images/dndsos-logo-white.png 200 [0.00, 127.0.0.1:56091][0m
INFO 2020-07-17 09:28:02,598 - [mHTTP GET /dashboard/business/3/freelancers 200 [0.08, 127.0.0.1:56091][0m
INFO 2020-07-17 09:28:02,620 - WebSocket DISCONNECT /ws/orders/ [127.0.0.1:56409]
INFO 2020-07-17 09:28:03,002 - WebSocket HANDSHAKING /ws/orders/ [127.0.0.1:56538]
INFO 2020-07-17 09:28:03,055 - WebSocket CONNECT /ws/orders/ [127.0.0.1:56538]
INFO 2020-07-17 09:28:03,261 - [mHTTP GET /orders/business-alerts-list 200 [0.02, 127.0.0.1:56091][0m
INFO 2020-07-17 09:28:03,323 - [mHTTP GET /orders/business-messages-list 200 [0.05, 127.0.0.1:56091][0m
INFO 2020-07-17 09:28:04,170 - [mHTTP GET /static/assets/images/dndsos-logo-white.png 200 [0.01, 127.0.0.1:56091][0m
INFO 2020-07-17 09:29:24,257 - [mHTTP GET /dashboard/business/3/freelancers 200 [0.11, 127.0.0.1:56882][0m
INFO 2020-07-17 09:29:24,281 - WebSocket DISCONNECT /ws/orders/ [127.0.0.1:56538]
INFO 2020-07-17 09:29:24,652 - WebSocket HANDSHAKING /ws/orders/ [127.0.0.1:56889]
INFO 2020-07-17 09:29:24,721 - WebSocket CONNECT /ws/orders/ [127.0.0.1:56889]
INFO 2020-07-17 09:29:24,923 - [mHTTP GET /orders/business-alerts-list 200 [0.02, 127.0.0.1:56882][0m
INFO 2020-07-17 09:29:24,999 - [mHTTP GET /orders/business-messages-list 200 [0.06, 127.0.0.1:56882][0m
INFO 2020-07-17 09:29:25,781 - [mHTTP GET /static/assets/images/dndsos-logo-white.png 200 [0.01, 127.0.0.1:56882][0m
INFO 2020-07-17 09:29:40,321 - [mHTTP GET /dashboard/business/3/freelancers 200 [0.09, 127.0.0.1:56882][0m
INFO 2020-07-17 09:29:40,346 - WebSocket DISCONNECT /ws/orders/ [127.0.0.1:56889]
INFO 2020-07-17 09:29:40,650 - WebSocket HANDSHAKING /ws/orders/ [127.0.0.1:56967]
INFO 2020-07-17 09:29:40,713 - WebSocket CONNECT /ws/orders/ [127.0.0.1:56967]
INFO 2020-07-17 09:29:40,889 - [mHTTP GET /orders/business-alerts-list 200 [0.03, 127.0.0.1:56882][0m
INFO 2020-07-17 09:29:40,955 - [mHTTP GET /orders/business-messages-list 200 [0.06, 127.0.0.1:56882][0m
INFO 2020-07-17 09:29:41,688 - [mHTTP GET /static/assets/images/dndsos-logo-white.png 200 [0.01, 127.0.0.1:56882][0m
INFO 2020-07-17 09:31:16,540 - [mHTTP GET /dashboard/business/3/freelancers 200 [0.09, 127.0.0.1:57702][0m
INFO 2020-07-17 09:31:16,559 - WebSocket DISCONNECT /ws/orders/ [127.0.0.1:56967]
INFO 2020-07-17 09:31:17,457 - WebSocket HANDSHAKING /ws/orders/ [127.0.0.1:57718]
INFO 2020-07-17 09:31:17,535 - WebSocket CONNECT /ws/orders/ [127.0.0.1:57718]
INFO 2020-07-17 09:31:17,918 - [mHTTP GET /orders/business-alerts-list 200 [0.02, 127.0.0.1:57702][0m
INFO 2020-07-17 09:31:17,989 - [mHTTP GET /orders/business-messages-list 200 [0.06, 127.0.0.1:57702][0m
INFO 2020-07-17 09:31:19,627 - [mHTTP GET /static/assets/images/dndsos-logo-white.png 200 [0.01, 127.0.0.1:57702][0m
INFO 2020-07-17 09:31:40,775 - [mHTTP GET /dashboard/business/3/freelancers 200 [0.08, 127.0.0.1:57702][0m
INFO 2020-07-17 09:31:40,794 - WebSocket DISCONNECT /ws/orders/ [127.0.0.1:57718]
INFO 2020-07-17 09:31:41,586 - WebSocket HANDSHAKING /ws/orders/ [127.0.0.1:57925]
INFO 2020-07-17 09:31:41,647 - WebSocket CONNECT /ws/orders/ [127.0.0.1:57925]
INFO 2020-07-17 09:31:41,923 - [mHTTP GET /orders/business-alerts-list 200 [0.03, 127.0.0.1:57702][0m
INFO 2020-07-17 09:31:42,017 - [mHTTP GET /orders/business-messages-list 200 [0.08, 127.0.0.1:57702][0m
INFO 2020-07-17 09:31:43,368 - [mHTTP GET /static/assets/images/dndsos-logo-white.png 200 [0.01, 127.0.0.1:57702][0m
ERROR 2020-07-17 09:36:44,180 - Internal Server Error: /dashboard/business/3/freelancers
Traceback (most recent call last):
  File "/Users/alfredshaffir/Documents/proj/dnd_sos/venv_dnd_sos/lib/python3.7/site-packages/django/template/base.py", line 469, in parse
    compile_func = self.tags[command]
KeyError: 'get_available_languages'

During handling of the above exception, another exception occurred:

Traceback (most recent call last):
  File "/Users/alfredshaffir/Documents/proj/dnd_sos/venv_dnd_sos/lib/python3.7/site-packages/django/core/handlers/exception.py", line 34, in inner
    response = get_response(request)
  File "/Users/alfredshaffir/Documents/proj/dnd_sos/venv_dnd_sos/lib/python3.7/site-packages/django/core/handlers/base.py", line 115, in _get_response
    response = self.process_exception_by_middleware(e, request)
  File "/Users/alfredshaffir/Documents/proj/dnd_sos/venv_dnd_sos/lib/python3.7/site-packages/django/core/handlers/base.py", line 113, in _get_response
    response = wrapped_callback(request, *callback_args, **callback_kwargs)
  File "/Users/alfredshaffir/Documents/proj/dnd_sos/venv_dnd_sos/lib/python3.7/site-packages/django/contrib/auth/decorators.py", line 21, in _wrapped_view
    return view_func(request, *args, **kwargs)
  File "/Users/alfredshaffir/Documents/proj/dnd_sos/venv_dnd_sos/lib/python3.7/site-packages/django/contrib/auth/decorators.py", line 21, in _wrapped_view
    return view_func(request, *args, **kwargs)
  File "/Users/alfredshaffir/Documents/proj/dnd_sos/dndsos_dashboard/views.py", line 748, in freelancers
    return render(request, 'dndsos_dashboard/freelancers.html', context)
  File "/Users/alfredshaffir/Documents/proj/dnd_sos/venv_dnd_sos/lib/python3.7/site-packages/django/shortcuts.py", line 19, in render
    content = loader.render_to_string(template_name, context, request, using=using)
  File "/Users/alfredshaffir/Documents/proj/dnd_sos/venv_dnd_sos/lib/python3.7/site-packages/django/template/loader.py", line 62, in render_to_string
    return template.render(context, request)
  File "/Users/alfredshaffir/Documents/proj/dnd_sos/venv_dnd_sos/lib/python3.7/site-packages/django/template/backends/django.py", line 61, in render
    return self.template.render(context)
  File "/Users/alfredshaffir/Documents/proj/dnd_sos/venv_dnd_sos/lib/python3.7/site-packages/django/template/base.py", line 171, in render
    return self._render(context)
  File "/Users/alfredshaffir/Documents/proj/dnd_sos/venv_dnd_sos/lib/python3.7/site-packages/django/template/base.py", line 163, in _render
    return self.nodelist.render(context)
  File "/Users/alfredshaffir/Documents/proj/dnd_sos/venv_dnd_sos/lib/python3.7/site-packages/django/template/base.py", line 936, in render
    bit = node.render_annotated(context)
  File "/Users/alfredshaffir/Documents/proj/dnd_sos/venv_dnd_sos/lib/python3.7/site-packages/django/template/base.py", line 903, in render_annotated
    return self.render(context)
  File "/Users/alfredshaffir/Documents/proj/dnd_sos/venv_dnd_sos/lib/python3.7/site-packages/django/template/loader_tags.py", line 127, in render
    compiled_parent = self.get_parent(context)
  File "/Users/alfredshaffir/Documents/proj/dnd_sos/venv_dnd_sos/lib/python3.7/site-packages/django/template/loader_tags.py", line 124, in get_parent
    return self.find_template(parent, context)
  File "/Users/alfredshaffir/Documents/proj/dnd_sos/venv_dnd_sos/lib/python3.7/site-packages/django/template/loader_tags.py", line 104, in find_template
    template_name, skip=history,
  File "/Users/alfredshaffir/Documents/proj/dnd_sos/venv_dnd_sos/lib/python3.7/site-packages/django/template/engine.py", line 125, in find_template
    template = loader.get_template(name, skip=skip)
  File "/Users/alfredshaffir/Documents/proj/dnd_sos/venv_dnd_sos/lib/python3.7/site-packages/django/template/loaders/base.py", line 30, in get_template
    contents, origin, origin.template_name, self.engine,
  File "/Users/alfredshaffir/Documents/proj/dnd_sos/venv_dnd_sos/lib/python3.7/site-packages/django/template/base.py", line 156, in __init__
    self.nodelist = self.compile_nodelist()
  File "/Users/alfredshaffir/Documents/proj/dnd_sos/venv_dnd_sos/lib/python3.7/site-packages/django/template/base.py", line 194, in compile_nodelist
    return parser.parse()
  File "/Users/alfredshaffir/Documents/proj/dnd_sos/venv_dnd_sos/lib/python3.7/site-packages/django/template/base.py", line 471, in parse
    self.invalid_block_tag(token, command, parse_until)
  File "/Users/alfredshaffir/Documents/proj/dnd_sos/venv_dnd_sos/lib/python3.7/site-packages/django/template/base.py", line 533, in invalid_block_tag
    "or load this tag?" % (token.lineno, command)
django.template.exceptions.TemplateSyntaxError: Invalid block tag on line 150: 'get_available_languages'. Did you forget to register or load this tag?
ERROR 2020-07-17 09:36:44,189 - [35;1mHTTP GET /dashboard/business/3/freelancers 500 [0.21, 127.0.0.1:59232][0m
INFO 2020-07-17 09:36:44,219 - WebSocket DISCONNECT /ws/orders/ [127.0.0.1:57925]
ERROR 2020-07-17 09:37:23,870 - Internal Server Error: /dashboard/business/3/freelancers
Traceback (most recent call last):
  File "/Users/alfredshaffir/Documents/proj/dnd_sos/venv_dnd_sos/lib/python3.7/site-packages/django/template/base.py", line 469, in parse
    compile_func = self.tags[command]
KeyError: 'get_available_languages'

During handling of the above exception, another exception occurred:

Traceback (most recent call last):
  File "/Users/alfredshaffir/Documents/proj/dnd_sos/venv_dnd_sos/lib/python3.7/site-packages/django/core/handlers/exception.py", line 34, in inner
    response = get_response(request)
  File "/Users/alfredshaffir/Documents/proj/dnd_sos/venv_dnd_sos/lib/python3.7/site-packages/django/core/handlers/base.py", line 115, in _get_response
    response = self.process_exception_by_middleware(e, request)
  File "/Users/alfredshaffir/Documents/proj/dnd_sos/venv_dnd_sos/lib/python3.7/site-packages/django/core/handlers/base.py", line 113, in _get_response
    response = wrapped_callback(request, *callback_args, **callback_kwargs)
  File "/Users/alfredshaffir/Documents/proj/dnd_sos/venv_dnd_sos/lib/python3.7/site-packages/django/contrib/auth/decorators.py", line 21, in _wrapped_view
    return view_func(request, *args, **kwargs)
  File "/Users/alfredshaffir/Documents/proj/dnd_sos/venv_dnd_sos/lib/python3.7/site-packages/django/contrib/auth/decorators.py", line 21, in _wrapped_view
    return view_func(request, *args, **kwargs)
  File "/Users/alfredshaffir/Documents/proj/dnd_sos/dndsos_dashboard/views.py", line 748, in freelancers
    return render(request, 'dndsos_dashboard/freelancers.html', context)
  File "/Users/alfredshaffir/Documents/proj/dnd_sos/venv_dnd_sos/lib/python3.7/site-packages/django/shortcuts.py", line 19, in render
    content = loader.render_to_string(template_name, context, request, using=using)
  File "/Users/alfredshaffir/Documents/proj/dnd_sos/venv_dnd_sos/lib/python3.7/site-packages/django/template/loader.py", line 62, in render_to_string
    return template.render(context, request)
  File "/Users/alfredshaffir/Documents/proj/dnd_sos/venv_dnd_sos/lib/python3.7/site-packages/django/template/backends/django.py", line 61, in render
    return self.template.render(context)
  File "/Users/alfredshaffir/Documents/proj/dnd_sos/venv_dnd_sos/lib/python3.7/site-packages/django/template/base.py", line 171, in render
    return self._render(context)
  File "/Users/alfredshaffir/Documents/proj/dnd_sos/venv_dnd_sos/lib/python3.7/site-packages/django/template/base.py", line 163, in _render
    return self.nodelist.render(context)
  File "/Users/alfredshaffir/Documents/proj/dnd_sos/venv_dnd_sos/lib/python3.7/site-packages/django/template/base.py", line 936, in render
    bit = node.render_annotated(context)
  File "/Users/alfredshaffir/Documents/proj/dnd_sos/venv_dnd_sos/lib/python3.7/site-packages/django/template/base.py", line 903, in render_annotated
    return self.render(context)
  File "/Users/alfredshaffir/Documents/proj/dnd_sos/venv_dnd_sos/lib/python3.7/site-packages/django/template/loader_tags.py", line 127, in render
    compiled_parent = self.get_parent(context)
  File "/Users/alfredshaffir/Documents/proj/dnd_sos/venv_dnd_sos/lib/python3.7/site-packages/django/template/loader_tags.py", line 124, in get_parent
    return self.find_template(parent, context)
  File "/Users/alfredshaffir/Documents/proj/dnd_sos/venv_dnd_sos/lib/python3.7/site-packages/django/template/loader_tags.py", line 104, in find_template
    template_name, skip=history,
  File "/Users/alfredshaffir/Documents/proj/dnd_sos/venv_dnd_sos/lib/python3.7/site-packages/django/template/engine.py", line 125, in find_template
    template = loader.get_template(name, skip=skip)
  File "/Users/alfredshaffir/Documents/proj/dnd_sos/venv_dnd_sos/lib/python3.7/site-packages/django/template/loaders/base.py", line 30, in get_template
    contents, origin, origin.template_name, self.engine,
  File "/Users/alfredshaffir/Documents/proj/dnd_sos/venv_dnd_sos/lib/python3.7/site-packages/django/template/base.py", line 156, in __init__
    self.nodelist = self.compile_nodelist()
  File "/Users/alfredshaffir/Documents/proj/dnd_sos/venv_dnd_sos/lib/python3.7/site-packages/django/template/base.py", line 194, in compile_nodelist
    return parser.parse()
  File "/Users/alfredshaffir/Documents/proj/dnd_sos/venv_dnd_sos/lib/python3.7/site-packages/django/template/base.py", line 471, in parse
    self.invalid_block_tag(token, command, parse_until)
  File "/Users/alfredshaffir/Documents/proj/dnd_sos/venv_dnd_sos/lib/python3.7/site-packages/django/template/base.py", line 533, in invalid_block_tag
    "or load this tag?" % (token.lineno, command)
django.template.exceptions.TemplateSyntaxError: Invalid block tag on line 150: 'get_available_languages'. Did you forget to register or load this tag?
ERROR 2020-07-17 09:37:23,879 - [35;1mHTTP GET /dashboard/business/3/freelancers 500 [0.16, 127.0.0.1:59232][0m
ERROR 2020-07-17 09:37:46,699 - Internal Server Error: /dashboard/business/3/freelancers
Traceback (most recent call last):
  File "/Users/alfredshaffir/Documents/proj/dnd_sos/venv_dnd_sos/lib/python3.7/site-packages/django/template/base.py", line 469, in parse
    compile_func = self.tags[command]
KeyError: 'get_languages_info_list'

During handling of the above exception, another exception occurred:

Traceback (most recent call last):
  File "/Users/alfredshaffir/Documents/proj/dnd_sos/venv_dnd_sos/lib/python3.7/site-packages/django/core/handlers/exception.py", line 34, in inner
    response = get_response(request)
  File "/Users/alfredshaffir/Documents/proj/dnd_sos/venv_dnd_sos/lib/python3.7/site-packages/django/core/handlers/base.py", line 115, in _get_response
    response = self.process_exception_by_middleware(e, request)
  File "/Users/alfredshaffir/Documents/proj/dnd_sos/venv_dnd_sos/lib/python3.7/site-packages/django/core/handlers/base.py", line 113, in _get_response
    response = wrapped_callback(request, *callback_args, **callback_kwargs)
  File "/Users/alfredshaffir/Documents/proj/dnd_sos/venv_dnd_sos/lib/python3.7/site-packages/django/contrib/auth/decorators.py", line 21, in _wrapped_view
    return view_func(request, *args, **kwargs)
  File "/Users/alfredshaffir/Documents/proj/dnd_sos/venv_dnd_sos/lib/python3.7/site-packages/django/contrib/auth/decorators.py", line 21, in _wrapped_view
    return view_func(request, *args, **kwargs)
  File "/Users/alfredshaffir/Documents/proj/dnd_sos/dndsos_dashboard/views.py", line 748, in freelancers
    return render(request, 'dndsos_dashboard/freelancers.html', context)
  File "/Users/alfredshaffir/Documents/proj/dnd_sos/venv_dnd_sos/lib/python3.7/site-packages/django/shortcuts.py", line 19, in render
    content = loader.render_to_string(template_name, context, request, using=using)
  File "/Users/alfredshaffir/Documents/proj/dnd_sos/venv_dnd_sos/lib/python3.7/site-packages/django/template/loader.py", line 62, in render_to_string
    return template.render(context, request)
  File "/Users/alfredshaffir/Documents/proj/dnd_sos/venv_dnd_sos/lib/python3.7/site-packages/django/template/backends/django.py", line 61, in render
    return self.template.render(context)
  File "/Users/alfredshaffir/Documents/proj/dnd_sos/venv_dnd_sos/lib/python3.7/site-packages/django/template/base.py", line 171, in render
    return self._render(context)
  File "/Users/alfredshaffir/Documents/proj/dnd_sos/venv_dnd_sos/lib/python3.7/site-packages/django/template/base.py", line 163, in _render
    return self.nodelist.render(context)
  File "/Users/alfredshaffir/Documents/proj/dnd_sos/venv_dnd_sos/lib/python3.7/site-packages/django/template/base.py", line 936, in render
    bit = node.render_annotated(context)
  File "/Users/alfredshaffir/Documents/proj/dnd_sos/venv_dnd_sos/lib/python3.7/site-packages/django/template/base.py", line 903, in render_annotated
    return self.render(context)
  File "/Users/alfredshaffir/Documents/proj/dnd_sos/venv_dnd_sos/lib/python3.7/site-packages/django/template/loader_tags.py", line 127, in render
    compiled_parent = self.get_parent(context)
  File "/Users/alfredshaffir/Documents/proj/dnd_sos/venv_dnd_sos/lib/python3.7/site-packages/django/template/loader_tags.py", line 124, in get_parent
    return self.find_template(parent, context)
  File "/Users/alfredshaffir/Documents/proj/dnd_sos/venv_dnd_sos/lib/python3.7/site-packages/django/template/loader_tags.py", line 104, in find_template
    template_name, skip=history,
  File "/Users/alfredshaffir/Documents/proj/dnd_sos/venv_dnd_sos/lib/python3.7/site-packages/django/template/engine.py", line 125, in find_template
    template = loader.get_template(name, skip=skip)
  File "/Users/alfredshaffir/Documents/proj/dnd_sos/venv_dnd_sos/lib/python3.7/site-packages/django/template/loaders/base.py", line 30, in get_template
    contents, origin, origin.template_name, self.engine,
  File "/Users/alfredshaffir/Documents/proj/dnd_sos/venv_dnd_sos/lib/python3.7/site-packages/django/template/base.py", line 156, in __init__
    self.nodelist = self.compile_nodelist()
  File "/Users/alfredshaffir/Documents/proj/dnd_sos/venv_dnd_sos/lib/python3.7/site-packages/django/template/base.py", line 194, in compile_nodelist
    return parser.parse()
  File "/Users/alfredshaffir/Documents/proj/dnd_sos/venv_dnd_sos/lib/python3.7/site-packages/django/template/base.py", line 471, in parse
    self.invalid_block_tag(token, command, parse_until)
  File "/Users/alfredshaffir/Documents/proj/dnd_sos/venv_dnd_sos/lib/python3.7/site-packages/django/template/base.py", line 533, in invalid_block_tag
    "or load this tag?" % (token.lineno, command)
django.template.exceptions.TemplateSyntaxError: Invalid block tag on line 153: 'get_languages_info_list'. Did you forget to register or load this tag?
ERROR 2020-07-17 09:37:46,706 - [35;1mHTTP GET /dashboard/business/3/freelancers 500 [0.15, 127.0.0.1:59232][0m
ERROR 2020-07-17 09:38:18,311 - Internal Server Error: /dashboard/business/3/freelancers
Traceback (most recent call last):
  File "/Users/alfredshaffir/Documents/proj/dnd_sos/venv_dnd_sos/lib/python3.7/site-packages/django/core/handlers/exception.py", line 34, in inner
    response = get_response(request)
  File "/Users/alfredshaffir/Documents/proj/dnd_sos/venv_dnd_sos/lib/python3.7/site-packages/django/core/handlers/base.py", line 115, in _get_response
    response = self.process_exception_by_middleware(e, request)
  File "/Users/alfredshaffir/Documents/proj/dnd_sos/venv_dnd_sos/lib/python3.7/site-packages/django/core/handlers/base.py", line 113, in _get_response
    response = wrapped_callback(request, *callback_args, **callback_kwargs)
  File "/Users/alfredshaffir/Documents/proj/dnd_sos/venv_dnd_sos/lib/python3.7/site-packages/django/contrib/auth/decorators.py", line 21, in _wrapped_view
    return view_func(request, *args, **kwargs)
  File "/Users/alfredshaffir/Documents/proj/dnd_sos/venv_dnd_sos/lib/python3.7/site-packages/django/contrib/auth/decorators.py", line 21, in _wrapped_view
    return view_func(request, *args, **kwargs)
  File "/Users/alfredshaffir/Documents/proj/dnd_sos/dndsos_dashboard/views.py", line 748, in freelancers
    return render(request, 'dndsos_dashboard/freelancers.html', context)
  File "/Users/alfredshaffir/Documents/proj/dnd_sos/venv_dnd_sos/lib/python3.7/site-packages/django/shortcuts.py", line 19, in render
    content = loader.render_to_string(template_name, context, request, using=using)
  File "/Users/alfredshaffir/Documents/proj/dnd_sos/venv_dnd_sos/lib/python3.7/site-packages/django/template/loader.py", line 62, in render_to_string
    return template.render(context, request)
  File "/Users/alfredshaffir/Documents/proj/dnd_sos/venv_dnd_sos/lib/python3.7/site-packages/django/template/backends/django.py", line 61, in render
    return self.template.render(context)
  File "/Users/alfredshaffir/Documents/proj/dnd_sos/venv_dnd_sos/lib/python3.7/site-packages/django/template/base.py", line 171, in render
    return self._render(context)
  File "/Users/alfredshaffir/Documents/proj/dnd_sos/venv_dnd_sos/lib/python3.7/site-packages/django/template/base.py", line 163, in _render
    return self.nodelist.render(context)
  File "/Users/alfredshaffir/Documents/proj/dnd_sos/venv_dnd_sos/lib/python3.7/site-packages/django/template/base.py", line 936, in render
    bit = node.render_annotated(context)
  File "/Users/alfredshaffir/Documents/proj/dnd_sos/venv_dnd_sos/lib/python3.7/site-packages/django/template/base.py", line 903, in render_annotated
    return self.render(context)
  File "/Users/alfredshaffir/Documents/proj/dnd_sos/venv_dnd_sos/lib/python3.7/site-packages/django/template/loader_tags.py", line 127, in render
    compiled_parent = self.get_parent(context)
  File "/Users/alfredshaffir/Documents/proj/dnd_sos/venv_dnd_sos/lib/python3.7/site-packages/django/template/loader_tags.py", line 124, in get_parent
    return self.find_template(parent, context)
  File "/Users/alfredshaffir/Documents/proj/dnd_sos/venv_dnd_sos/lib/python3.7/site-packages/django/template/loader_tags.py", line 104, in find_template
    template_name, skip=history,
  File "/Users/alfredshaffir/Documents/proj/dnd_sos/venv_dnd_sos/lib/python3.7/site-packages/django/template/engine.py", line 125, in find_template
    template = loader.get_template(name, skip=skip)
  File "/Users/alfredshaffir/Documents/proj/dnd_sos/venv_dnd_sos/lib/python3.7/site-packages/django/template/loaders/base.py", line 30, in get_template
    contents, origin, origin.template_name, self.engine,
  File "/Users/alfredshaffir/Documents/proj/dnd_sos/venv_dnd_sos/lib/python3.7/site-packages/django/template/base.py", line 156, in __init__
    self.nodelist = self.compile_nodelist()
  File "/Users/alfredshaffir/Documents/proj/dnd_sos/venv_dnd_sos/lib/python3.7/site-packages/django/template/base.py", line 194, in compile_nodelist
    return parser.parse()
  File "/Users/alfredshaffir/Documents/proj/dnd_sos/venv_dnd_sos/lib/python3.7/site-packages/django/template/base.py", line 477, in parse
    raise self.error(token, e)
  File "/Users/alfredshaffir/Documents/proj/dnd_sos/venv_dnd_sos/lib/python3.7/site-packages/django/template/base.py", line 475, in parse
    compiled_result = compile_func(self, token)
  File "/Users/alfredshaffir/Documents/proj/dnd_sos/venv_dnd_sos/lib/python3.7/site-packages/django/templatetags/i18n.py", line 252, in do_get_language_info_list
    raise TemplateSyntaxError("'%s' requires 'for sequence as variable' (got %r)" % (args[0], args[1:]))
django.template.exceptions.TemplateSyntaxError: 'get_language_info_list' requires 'for sequence as variable' (got ['LANGUAGES', 'as', 'languages'])
ERROR 2020-07-17 09:38:18,318 - [35;1mHTTP GET /dashboard/business/3/freelancers 500 [0.27, 127.0.0.1:59232][0m
ERROR 2020-07-17 09:38:36,449 - Internal Server Error: /dashboard/business/3/freelancers
Traceback (most recent call last):
  File "/Users/alfredshaffir/Documents/proj/dnd_sos/venv_dnd_sos/lib/python3.7/site-packages/django/core/handlers/exception.py", line 34, in inner
    response = get_response(request)
  File "/Users/alfredshaffir/Documents/proj/dnd_sos/venv_dnd_sos/lib/python3.7/site-packages/django/core/handlers/base.py", line 115, in _get_response
    response = self.process_exception_by_middleware(e, request)
  File "/Users/alfredshaffir/Documents/proj/dnd_sos/venv_dnd_sos/lib/python3.7/site-packages/django/core/handlers/base.py", line 113, in _get_response
    response = wrapped_callback(request, *callback_args, **callback_kwargs)
  File "/Users/alfredshaffir/Documents/proj/dnd_sos/venv_dnd_sos/lib/python3.7/site-packages/django/contrib/auth/decorators.py", line 21, in _wrapped_view
    return view_func(request, *args, **kwargs)
  File "/Users/alfredshaffir/Documents/proj/dnd_sos/venv_dnd_sos/lib/python3.7/site-packages/django/contrib/auth/decorators.py", line 21, in _wrapped_view
    return view_func(request, *args, **kwargs)
  File "/Users/alfredshaffir/Documents/proj/dnd_sos/dndsos_dashboard/views.py", line 748, in freelancers
    return render(request, 'dndsos_dashboard/freelancers.html', context)
  File "/Users/alfredshaffir/Documents/proj/dnd_sos/venv_dnd_sos/lib/python3.7/site-packages/django/shortcuts.py", line 19, in render
    content = loader.render_to_string(template_name, context, request, using=using)
  File "/Users/alfredshaffir/Documents/proj/dnd_sos/venv_dnd_sos/lib/python3.7/site-packages/django/template/loader.py", line 62, in render_to_string
    return template.render(context, request)
  File "/Users/alfredshaffir/Documents/proj/dnd_sos/venv_dnd_sos/lib/python3.7/site-packages/django/template/backends/django.py", line 61, in render
    return self.template.render(context)
  File "/Users/alfredshaffir/Documents/proj/dnd_sos/venv_dnd_sos/lib/python3.7/site-packages/django/template/base.py", line 171, in render
    return self._render(context)
  File "/Users/alfredshaffir/Documents/proj/dnd_sos/venv_dnd_sos/lib/python3.7/site-packages/django/template/base.py", line 163, in _render
    return self.nodelist.render(context)
  File "/Users/alfredshaffir/Documents/proj/dnd_sos/venv_dnd_sos/lib/python3.7/site-packages/django/template/base.py", line 936, in render
    bit = node.render_annotated(context)
  File "/Users/alfredshaffir/Documents/proj/dnd_sos/venv_dnd_sos/lib/python3.7/site-packages/django/template/base.py", line 903, in render_annotated
    return self.render(context)
  File "/Users/alfredshaffir/Documents/proj/dnd_sos/venv_dnd_sos/lib/python3.7/site-packages/django/template/loader_tags.py", line 127, in render
    compiled_parent = self.get_parent(context)
  File "/Users/alfredshaffir/Documents/proj/dnd_sos/venv_dnd_sos/lib/python3.7/site-packages/django/template/loader_tags.py", line 124, in get_parent
    return self.find_template(parent, context)
  File "/Users/alfredshaffir/Documents/proj/dnd_sos/venv_dnd_sos/lib/python3.7/site-packages/django/template/loader_tags.py", line 104, in find_template
    template_name, skip=history,
  File "/Users/alfredshaffir/Documents/proj/dnd_sos/venv_dnd_sos/lib/python3.7/site-packages/django/template/engine.py", line 125, in find_template
    template = loader.get_template(name, skip=skip)
  File "/Users/alfredshaffir/Documents/proj/dnd_sos/venv_dnd_sos/lib/python3.7/site-packages/django/template/loaders/base.py", line 30, in get_template
    contents, origin, origin.template_name, self.engine,
  File "/Users/alfredshaffir/Documents/proj/dnd_sos/venv_dnd_sos/lib/python3.7/site-packages/django/template/base.py", line 156, in __init__
    self.nodelist = self.compile_nodelist()
  File "/Users/alfredshaffir/Documents/proj/dnd_sos/venv_dnd_sos/lib/python3.7/site-packages/django/template/base.py", line 194, in compile_nodelist
    return parser.parse()
  File "/Users/alfredshaffir/Documents/proj/dnd_sos/venv_dnd_sos/lib/python3.7/site-packages/django/template/base.py", line 477, in parse
    raise self.error(token, e)
  File "/Users/alfredshaffir/Documents/proj/dnd_sos/venv_dnd_sos/lib/python3.7/site-packages/django/template/base.py", line 475, in parse
    compiled_result = compile_func(self, token)
  File "/Users/alfredshaffir/Documents/proj/dnd_sos/venv_dnd_sos/lib/python3.7/site-packages/django/templatetags/i18n.py", line 252, in do_get_language_info_list
    raise TemplateSyntaxError("'%s' requires 'for sequence as variable' (got %r)" % (args[0], args[1:]))
django.template.exceptions.TemplateSyntaxError: 'get_language_info_list' requires 'for sequence as variable' (got ['LANGUAGES', 'for', 'languages'])
ERROR 2020-07-17 09:38:36,455 - [35;1mHTTP GET /dashboard/business/3/freelancers 500 [0.15, 127.0.0.1:59232][0m
INFO 2020-07-17 09:38:46,904 - [mHTTP GET /dashboard/business/3/freelancers 200 [0.07, 127.0.0.1:59232][0m
INFO 2020-07-17 09:38:47,008 - [36mHTTP GET /static/assets/stylesheets/loader.css 304 [0.01, 127.0.0.1:59232][0m
INFO 2020-07-17 09:38:47,381 - WebSocket HANDSHAKING /ws/orders/ [127.0.0.1:59750]
INFO 2020-07-17 09:38:47,436 - WebSocket CONNECT /ws/orders/ [127.0.0.1:59750]
INFO 2020-07-17 09:38:47,569 - [mHTTP GET /orders/business-alerts-list 200 [0.02, 127.0.0.1:59232][0m
INFO 2020-07-17 09:38:47,630 - [mHTTP GET /orders/business-messages-list 200 [0.05, 127.0.0.1:59232][0m
INFO 2020-07-17 09:38:48,037 - [mHTTP GET /static/assets/images/dndsos-logo-white.png 200 [0.01, 127.0.0.1:59232][0m
INFO 2020-07-17 09:39:59,216 - [mHTTP GET /dashboard/business/3/freelancers 200 [0.09, 127.0.0.1:60050][0m
INFO 2020-07-17 09:39:59,238 - WebSocket DISCONNECT /ws/orders/ [127.0.0.1:59750]
INFO 2020-07-17 09:39:59,610 - WebSocket HANDSHAKING /ws/orders/ [127.0.0.1:60059]
INFO 2020-07-17 09:39:59,675 - WebSocket CONNECT /ws/orders/ [127.0.0.1:60059]
INFO 2020-07-17 09:39:59,881 - [mHTTP GET /orders/business-alerts-list 200 [0.03, 127.0.0.1:60050][0m
INFO 2020-07-17 09:39:59,948 - [mHTTP GET /orders/business-messages-list 200 [0.05, 127.0.0.1:60050][0m
INFO 2020-07-17 09:40:00,789 - [mHTTP GET /static/assets/images/dndsos-logo-white.png 200 [0.01, 127.0.0.1:60050][0m
INFO 2020-07-17 09:40:13,399 - [mHTTP GET /dashboard/business/3/freelancers 200 [0.08, 127.0.0.1:60050][0m
INFO 2020-07-17 09:40:13,421 - WebSocket DISCONNECT /ws/orders/ [127.0.0.1:60059]
INFO 2020-07-17 09:40:13,747 - WebSocket HANDSHAKING /ws/orders/ [127.0.0.1:60128]
INFO 2020-07-17 09:40:13,816 - WebSocket CONNECT /ws/orders/ [127.0.0.1:60128]
INFO 2020-07-17 09:40:13,963 - [mHTTP GET /orders/business-alerts-list 200 [0.03, 127.0.0.1:60050][0m
INFO 2020-07-17 09:40:14,038 - [mHTTP GET /orders/business-messages-list 200 [0.06, 127.0.0.1:60050][0m
INFO 2020-07-17 09:40:14,429 - [mHTTP GET /static/assets/images/dndsos-logo-white.png 200 [0.00, 127.0.0.1:60050][0m
INFO 2020-07-17 09:40:24,079 - [mHTTP GET /dashboard/business/3/freelancers 200 [0.09, 127.0.0.1:60050][0m
INFO 2020-07-17 09:40:24,099 - WebSocket DISCONNECT /ws/orders/ [127.0.0.1:60128]
INFO 2020-07-17 09:40:24,475 - WebSocket HANDSHAKING /ws/orders/ [127.0.0.1:60180]
INFO 2020-07-17 09:40:24,533 - WebSocket CONNECT /ws/orders/ [127.0.0.1:60180]
INFO 2020-07-17 09:40:24,724 - [mHTTP GET /orders/business-alerts-list 200 [0.02, 127.0.0.1:60050][0m
INFO 2020-07-17 09:40:24,783 - [mHTTP GET /orders/business-messages-list 200 [0.05, 127.0.0.1:60050][0m
INFO 2020-07-17 09:40:25,527 - [mHTTP GET /static/assets/images/dndsos-logo-white.png 200 [0.01, 127.0.0.1:60050][0m
INFO 2020-07-17 09:42:20,816 - [mHTTP GET /dashboard/business/3/freelancers 200 [0.09, 127.0.0.1:60658][0m
INFO 2020-07-17 09:42:20,835 - WebSocket DISCONNECT /ws/orders/ [127.0.0.1:60180]
INFO 2020-07-17 09:42:21,249 - WebSocket HANDSHAKING /ws/orders/ [127.0.0.1:60667]
INFO 2020-07-17 09:42:21,310 - WebSocket CONNECT /ws/orders/ [127.0.0.1:60667]
INFO 2020-07-17 09:42:21,489 - [mHTTP GET /orders/business-alerts-list 200 [0.02, 127.0.0.1:60658][0m
INFO 2020-07-17 09:42:21,545 - [mHTTP GET /orders/business-messages-list 200 [0.05, 127.0.0.1:60658][0m
INFO 2020-07-17 09:42:22,328 - [mHTTP GET /static/assets/images/dndsos-logo-white.png 200 [0.01, 127.0.0.1:60658][0m
INFO 2020-07-17 09:43:16,699 - [mHTTP GET /dashboard/business/3/freelancers 200 [0.11, 127.0.0.1:60658][0m
INFO 2020-07-17 09:43:16,725 - WebSocket DISCONNECT /ws/orders/ [127.0.0.1:60667]
INFO 2020-07-17 09:43:17,098 - WebSocket HANDSHAKING /ws/orders/ [127.0.0.1:60902]
INFO 2020-07-17 09:43:17,157 - WebSocket CONNECT /ws/orders/ [127.0.0.1:60902]
INFO 2020-07-17 09:43:17,325 - [mHTTP GET /orders/business-alerts-list 200 [0.02, 127.0.0.1:60658][0m
INFO 2020-07-17 09:43:17,388 - [mHTTP GET /orders/business-messages-list 200 [0.05, 127.0.0.1:60658][0m
INFO 2020-07-17 09:43:18,145 - [mHTTP GET /static/assets/images/dndsos-logo-white.png 200 [0.01, 127.0.0.1:60658][0m
INFO 2020-07-17 09:44:00,982 - [mHTTP GET /dashboard/business/3/freelancers 200 [0.12, 127.0.0.1:60658][0m
INFO 2020-07-17 09:44:01,008 - WebSocket DISCONNECT /ws/orders/ [127.0.0.1:60902]
INFO 2020-07-17 09:44:01,764 - WebSocket HANDSHAKING /ws/orders/ [127.0.0.1:61236]
INFO 2020-07-17 09:44:01,825 - WebSocket CONNECT /ws/orders/ [127.0.0.1:61236]
INFO 2020-07-17 09:44:02,145 - [mHTTP GET /orders/business-alerts-list 200 [0.02, 127.0.0.1:60658][0m
INFO 2020-07-17 09:44:02,214 - [mHTTP GET /orders/business-messages-list 200 [0.06, 127.0.0.1:60658][0m
INFO 2020-07-17 09:44:03,760 - [mHTTP GET /static/assets/images/dndsos-logo-white.png 200 [0.00, 127.0.0.1:60658][0m
INFO 2020-07-17 09:45:06,786 - [mHTTP GET /dashboard/business/3/freelancers 200 [0.09, 127.0.0.1:61786][0m
INFO 2020-07-17 09:45:06,806 - WebSocket DISCONNECT /ws/orders/ [127.0.0.1:61236]
INFO 2020-07-17 09:45:07,628 - WebSocket HANDSHAKING /ws/orders/ [127.0.0.1:61795]
INFO 2020-07-17 09:45:07,693 - WebSocket CONNECT /ws/orders/ [127.0.0.1:61795]
INFO 2020-07-17 09:45:08,020 - [mHTTP GET /orders/business-alerts-list 200 [0.04, 127.0.0.1:61786][0m
INFO 2020-07-17 09:45:08,122 - [mHTTP GET /orders/business-messages-list 200 [0.06, 127.0.0.1:61786][0m
INFO 2020-07-17 09:45:09,590 - [mHTTP GET /static/assets/images/dndsos-logo-white.png 200 [0.00, 127.0.0.1:61786][0m
INFO 2020-07-17 09:46:26,198 - [mHTTP GET /dashboard/business/3/freelancers 200 [0.12, 127.0.0.1:62437][0m
INFO 2020-07-17 09:46:26,235 - WebSocket DISCONNECT /ws/orders/ [127.0.0.1:61795]
INFO 2020-07-17 09:46:26,834 - WebSocket HANDSHAKING /ws/orders/ [127.0.0.1:62446]
INFO 2020-07-17 09:46:26,909 - WebSocket CONNECT /ws/orders/ [127.0.0.1:62446]
INFO 2020-07-17 09:46:27,195 - [mHTTP GET /orders/business-alerts-list 200 [0.03, 127.0.0.1:62437][0m
INFO 2020-07-17 09:46:27,263 - [mHTTP GET /orders/business-messages-list 200 [0.06, 127.0.0.1:62437][0m
INFO 2020-07-17 09:46:28,530 - [mHTTP GET /static/assets/images/dndsos-logo-white.png 200 [0.01, 127.0.0.1:62437][0m
INFO 2020-07-17 09:46:51,362 - [mHTTP GET /dashboard/business/3/freelancers 200 [0.08, 127.0.0.1:62437][0m
INFO 2020-07-17 09:46:51,395 - WebSocket DISCONNECT /ws/orders/ [127.0.0.1:62446]
INFO 2020-07-17 09:46:51,962 - WebSocket HANDSHAKING /ws/orders/ [127.0.0.1:62660]
INFO 2020-07-17 09:46:52,044 - WebSocket CONNECT /ws/orders/ [127.0.0.1:62660]
INFO 2020-07-17 09:46:52,357 - [mHTTP GET /orders/business-alerts-list 200 [0.03, 127.0.0.1:62437][0m
INFO 2020-07-17 09:46:52,430 - [mHTTP GET /orders/business-messages-list 200 [0.06, 127.0.0.1:62437][0m
INFO 2020-07-17 09:46:53,410 - [mHTTP GET /static/assets/images/dndsos-logo-white.png 200 [0.00, 127.0.0.1:62437][0m
INFO 2020-07-17 09:47:16,431 - [mHTTP GET /dashboard/business/3/freelancers 200 [0.09, 127.0.0.1:62437][0m
INFO 2020-07-17 09:47:16,450 - WebSocket DISCONNECT /ws/orders/ [127.0.0.1:62660]
INFO 2020-07-17 09:47:16,990 - WebSocket HANDSHAKING /ws/orders/ [127.0.0.1:62872]
INFO 2020-07-17 09:47:17,047 - WebSocket CONNECT /ws/orders/ [127.0.0.1:62872]
INFO 2020-07-17 09:47:17,315 - [mHTTP GET /orders/business-alerts-list 200 [0.03, 127.0.0.1:62437][0m
INFO 2020-07-17 09:47:17,380 - [mHTTP GET /orders/business-messages-list 200 [0.05, 127.0.0.1:62437][0m
INFO 2020-07-17 09:47:18,288 - [mHTTP GET /static/assets/images/dndsos-logo-white.png 200 [0.01, 127.0.0.1:62437][0m
INFO 2020-07-17 09:48:30,529 - [mHTTP GET /dashboard/business/3/freelancers 200 [0.09, 127.0.0.1:63476][0m
INFO 2020-07-17 09:48:30,553 - WebSocket DISCONNECT /ws/orders/ [127.0.0.1:62872]
INFO 2020-07-17 09:48:31,077 - WebSocket HANDSHAKING /ws/orders/ [127.0.0.1:63486]
INFO 2020-07-17 09:48:31,136 - WebSocket CONNECT /ws/orders/ [127.0.0.1:63486]
INFO 2020-07-17 09:48:31,383 - [mHTTP GET /orders/business-alerts-list 200 [0.03, 127.0.0.1:63476][0m
INFO 2020-07-17 09:48:31,455 - [mHTTP GET /orders/business-messages-list 200 [0.06, 127.0.0.1:63476][0m
INFO 2020-07-17 09:48:32,380 - [mHTTP GET /static/assets/images/dndsos-logo-white.png 200 [0.01, 127.0.0.1:63476][0m
INFO 2020-07-17 09:49:02,961 - [mHTTP GET /dashboard/business/3/freelancers 200 [0.09, 127.0.0.1:63476][0m
INFO 2020-07-17 09:49:02,976 - WebSocket DISCONNECT /ws/orders/ [127.0.0.1:63486]
INFO 2020-07-17 09:49:03,334 - WebSocket HANDSHAKING /ws/orders/ [127.0.0.1:63647]
INFO 2020-07-17 09:49:03,394 - WebSocket CONNECT /ws/orders/ [127.0.0.1:63647]
INFO 2020-07-17 09:49:03,591 - [mHTTP GET /orders/business-alerts-list 200 [0.03, 127.0.0.1:63476][0m
INFO 2020-07-17 09:49:03,663 - [mHTTP GET /orders/business-messages-list 200 [0.06, 127.0.0.1:63476][0m
INFO 2020-07-17 09:49:04,517 - [mHTTP GET /static/assets/images/dndsos-logo-white.png 200 [0.01, 127.0.0.1:63476][0m
INFO 2020-07-17 09:49:08,438 - [32mHTTP POST /i18n/setlang/ 302 [0.04, 127.0.0.1:63476][0m
INFO 2020-07-17 09:49:08,531 - [mHTTP GET /dashboard/business/3/freelancers 200 [0.08, 127.0.0.1:63476][0m
INFO 2020-07-17 09:49:08,548 - WebSocket DISCONNECT /ws/orders/ [127.0.0.1:63647]
INFO 2020-07-17 09:49:08,967 - WebSocket HANDSHAKING /ws/orders/ [127.0.0.1:63682]
INFO 2020-07-17 09:49:09,031 - WebSocket CONNECT /ws/orders/ [127.0.0.1:63682]
INFO 2020-07-17 09:49:09,149 - [mHTTP GET /orders/business-alerts-list 200 [0.03, 127.0.0.1:63476][0m
INFO 2020-07-17 09:49:09,248 - [mHTTP GET /orders/business-messages-list 200 [0.09, 127.0.0.1:63476][0m
INFO 2020-07-17 09:49:14,274 - [32mHTTP POST /i18n/setlang/ 302 [0.02, 127.0.0.1:63476][0m
INFO 2020-07-17 09:49:14,355 - [mHTTP GET /dashboard/business/3/freelancers 200 [0.07, 127.0.0.1:63476][0m
INFO 2020-07-17 09:49:14,372 - WebSocket DISCONNECT /ws/orders/ [127.0.0.1:63682]
INFO 2020-07-17 09:49:14,607 - WebSocket HANDSHAKING /ws/orders/ [127.0.0.1:63717]
INFO 2020-07-17 09:49:14,663 - WebSocket CONNECT /ws/orders/ [127.0.0.1:63717]
INFO 2020-07-17 09:49:14,778 - [mHTTP GET /orders/business-alerts-list 200 [0.02, 127.0.0.1:63476][0m
INFO 2020-07-17 09:49:14,842 - [mHTTP GET /orders/business-messages-list 200 [0.05, 127.0.0.1:63476][0m
INFO 2020-07-17 09:49:18,077 - [32mHTTP POST /i18n/setlang/ 302 [0.02, 127.0.0.1:63476][0m
INFO 2020-07-17 09:49:18,156 - [mHTTP GET /dashboard/business/3/freelancers 200 [0.07, 127.0.0.1:63476][0m
INFO 2020-07-17 09:49:18,182 - WebSocket DISCONNECT /ws/orders/ [127.0.0.1:63717]
INFO 2020-07-17 09:49:18,502 - WebSocket HANDSHAKING /ws/orders/ [127.0.0.1:63742]
INFO 2020-07-17 09:49:18,551 - WebSocket CONNECT /ws/orders/ [127.0.0.1:63742]
INFO 2020-07-17 09:49:18,648 - [mHTTP GET /orders/business-alerts-list 200 [0.02, 127.0.0.1:63476][0m
INFO 2020-07-17 09:49:18,700 - [mHTTP GET /orders/business-messages-list 200 [0.04, 127.0.0.1:63476][0m
INFO 2020-07-17 09:50:03,504 - [mHTTP GET /dashboard/business/3/freelancers 200 [0.18, 127.0.0.1:63476][0m
INFO 2020-07-17 09:50:03,529 - WebSocket DISCONNECT /ws/orders/ [127.0.0.1:63742]
INFO 2020-07-17 09:50:03,937 - WebSocket HANDSHAKING /ws/orders/ [127.0.0.1:63942]
INFO 2020-07-17 09:50:03,990 - WebSocket CONNECT /ws/orders/ [127.0.0.1:63942]
INFO 2020-07-17 09:50:04,141 - [mHTTP GET /orders/business-alerts-list 200 [0.02, 127.0.0.1:63476][0m
INFO 2020-07-17 09:50:04,200 - [mHTTP GET /orders/business-messages-list 200 [0.05, 127.0.0.1:63476][0m
INFO 2020-07-17 09:50:05,336 - [mHTTP GET /static/assets/images/dndsos-logo-white.png 200 [0.01, 127.0.0.1:63476][0m
INFO 2020-07-17 09:50:12,535 - [mHTTP GET /dashboard/business/3/freelancers 200 [0.08, 127.0.0.1:63476][0m
INFO 2020-07-17 09:50:12,556 - WebSocket DISCONNECT /ws/orders/ [127.0.0.1:63942]
INFO 2020-07-17 09:50:12,872 - WebSocket HANDSHAKING /ws/orders/ [127.0.0.1:63990]
INFO 2020-07-17 09:50:12,937 - WebSocket CONNECT /ws/orders/ [127.0.0.1:63990]
INFO 2020-07-17 09:50:13,051 - [mHTTP GET /orders/business-alerts-list 200 [0.02, 127.0.0.1:63476][0m
INFO 2020-07-17 09:50:13,122 - [mHTTP GET /orders/business-messages-list 200 [0.06, 127.0.0.1:63476][0m
INFO 2020-07-17 09:50:13,519 - [mHTTP GET /static/assets/images/dndsos-logo-white.png 200 [0.01, 127.0.0.1:63476][0m
INFO 2020-07-17 09:50:55,593 - [mHTTP GET /dashboard/business/3/freelancers 200 [0.09, 127.0.0.1:63476][0m
INFO 2020-07-17 09:50:55,612 - WebSocket DISCONNECT /ws/orders/ [127.0.0.1:63990]
INFO 2020-07-17 09:50:56,030 - WebSocket HANDSHAKING /ws/orders/ [127.0.0.1:64176]
INFO 2020-07-17 09:50:56,093 - WebSocket CONNECT /ws/orders/ [127.0.0.1:64176]
INFO 2020-07-17 09:50:56,250 - [mHTTP GET /orders/business-alerts-list 200 [0.02, 127.0.0.1:63476][0m
INFO 2020-07-17 09:50:56,308 - [mHTTP GET /orders/business-messages-list 200 [0.05, 127.0.0.1:63476][0m
INFO 2020-07-17 09:50:57,060 - [mHTTP GET /static/assets/images/dndsos-logo-white.png 200 [0.01, 127.0.0.1:63476][0m
INFO 2020-07-17 09:51:00,877 - [mHTTP GET /dashboard/business/3/freelancers 200 [0.07, 127.0.0.1:63476][0m
INFO 2020-07-17 09:51:00,894 - WebSocket DISCONNECT /ws/orders/ [127.0.0.1:64176]
INFO 2020-07-17 09:51:01,170 - WebSocket HANDSHAKING /ws/orders/ [127.0.0.1:64207]
INFO 2020-07-17 09:51:01,224 - WebSocket CONNECT /ws/orders/ [127.0.0.1:64207]
INFO 2020-07-17 09:51:01,324 - [mHTTP GET /orders/business-alerts-list 200 [0.02, 127.0.0.1:63476][0m
INFO 2020-07-17 09:51:01,381 - [mHTTP GET /orders/business-messages-list 200 [0.05, 127.0.0.1:63476][0m
INFO 2020-07-17 09:51:01,738 - [mHTTP GET /static/assets/images/dndsos-logo-white.png 200 [0.01, 127.0.0.1:63476][0m
INFO 2020-07-17 09:51:19,189 - [mHTTP GET /dashboard/business/3/freelancers 200 [0.09, 127.0.0.1:63476][0m
INFO 2020-07-17 09:51:19,210 - WebSocket DISCONNECT /ws/orders/ [127.0.0.1:64207]
INFO 2020-07-17 09:51:19,656 - WebSocket HANDSHAKING /ws/orders/ [127.0.0.1:64292]
INFO 2020-07-17 09:51:19,724 - WebSocket CONNECT /ws/orders/ [127.0.0.1:64292]
INFO 2020-07-17 09:51:19,891 - [mHTTP GET /orders/business-alerts-list 200 [0.02, 127.0.0.1:63476][0m
INFO 2020-07-17 09:51:19,949 - [mHTTP GET /orders/business-messages-list 200 [0.05, 127.0.0.1:63476][0m
INFO 2020-07-17 09:51:20,713 - [mHTTP GET /static/assets/images/dndsos-logo-white.png 200 [0.01, 127.0.0.1:63476][0m
INFO 2020-07-17 09:52:20,275 - [mHTTP GET /dashboard/business/3/freelancers 200 [0.10, 127.0.0.1:63476][0m
INFO 2020-07-17 09:52:20,294 - WebSocket DISCONNECT /ws/orders/ [127.0.0.1:64292]
INFO 2020-07-17 09:52:21,005 - WebSocket HANDSHAKING /ws/orders/ [127.0.0.1:64617]
INFO 2020-07-17 09:52:21,063 - WebSocket CONNECT /ws/orders/ [127.0.0.1:64617]
INFO 2020-07-17 09:52:21,339 - [mHTTP GET /orders/business-alerts-list 200 [0.02, 127.0.0.1:63476][0m
INFO 2020-07-17 09:52:21,402 - [mHTTP GET /orders/business-messages-list 200 [0.05, 127.0.0.1:63476][0m
INFO 2020-07-17 09:52:22,702 - [mHTTP GET /static/assets/images/dndsos-logo-white.png 200 [0.01, 127.0.0.1:63476][0m
INFO 2020-07-17 09:53:19,655 - [mHTTP GET /dashboard/business/3/freelancers 200 [0.08, 127.0.0.1:63476][0m
INFO 2020-07-17 09:53:19,677 - WebSocket DISCONNECT /ws/orders/ [127.0.0.1:64617]
INFO 2020-07-17 09:53:20,487 - WebSocket HANDSHAKING /ws/orders/ [127.0.0.1:65106]
INFO 2020-07-17 09:53:20,551 - WebSocket CONNECT /ws/orders/ [127.0.0.1:65106]
INFO 2020-07-17 09:53:20,846 - [mHTTP GET /orders/business-alerts-list 200 [0.03, 127.0.0.1:63476][0m
INFO 2020-07-17 09:53:20,911 - [mHTTP GET /orders/business-messages-list 200 [0.05, 127.0.0.1:63476][0m
INFO 2020-07-17 09:53:22,313 - [mHTTP GET /static/assets/images/dndsos-logo-white.png 200 [0.01, 127.0.0.1:63476][0m
INFO 2020-07-17 09:53:25,610 - [32mHTTP POST /i18n/setlang/ 302 [0.02, 127.0.0.1:63476][0m
INFO 2020-07-17 09:53:25,698 - [mHTTP GET /dashboard/business/3/freelancers 200 [0.07, 127.0.0.1:63476][0m
INFO 2020-07-17 09:53:25,722 - WebSocket DISCONNECT /ws/orders/ [127.0.0.1:65106]
INFO 2020-07-17 09:53:26,475 - WebSocket HANDSHAKING /ws/orders/ [127.0.0.1:65169]
INFO 2020-07-17 09:53:26,536 - WebSocket CONNECT /ws/orders/ [127.0.0.1:65169]
INFO 2020-07-17 09:53:26,781 - [mHTTP GET /orders/business-alerts-list 200 [0.02, 127.0.0.1:63476][0m
INFO 2020-07-17 09:53:26,840 - [mHTTP GET /orders/business-messages-list 200 [0.05, 127.0.0.1:63476][0m
